Grammaire

    0 $accept: input $end

    1 input: formula_completed

    2 formula_completed: formula TK_END

    3 formula: TK_VAR
    4        | TK_MINUS TK_VAR
    5        | TK_LPAREN formula TK_RPAREN
    6        | formula TK_AND formula
    7        | formula TK_NEWLINE formula
    8        | formula TK_OR formula
    9        | formula TK_XOR formula
   10        | formula TK_IMPLY formula
   11        | formula TK_EQUIV formula
   12        | TK_NEGATE formula


Terminaux, suivis des règles où ils apparaissent

$end (0) 0
error (256)
TK_MINUS (258) 4
TK_AND (259) 6
TK_NEWLINE (260) 7
TK_OR (261) 8
TK_XOR (262) 9
TK_IMPLY (263) 10
TK_EQUIV (264) 11
TK_NEGATE (265) 12
TK_END (266) 2
TK_LPAREN (267) 5
TK_RPAREN (268) 5
TK_VAR (269) 3 4


Non-terminaux, suivis des règles où ils apparaissent

$accept (15)
    à gauche: 0
input (16)
    à gauche: 1, à droite: 0
formula_completed (17)
    à gauche: 2, à droite: 1
formula (18)
    à gauche: 3 4 5 6 7 8 9 10 11 12, à droite: 2 5 6 7 8 9 10 11
    12


état 0

    0 $accept: . input $end
    1 input: . formula_completed
    2 formula_completed: . formula TK_END
    3 formula: . TK_VAR
    4        | . TK_MINUS TK_VAR
    5        | . TK_LPAREN formula TK_RPAREN
    6        | . formula TK_AND formula
    7        | . formula TK_NEWLINE formula
    8        | . formula TK_OR formula
    9        | . formula TK_XOR formula
   10        | . formula TK_IMPLY formula
   11        | . formula TK_EQUIV formula
   12        | . TK_NEGATE formula

    TK_MINUS   décalage et aller à l'état 1
    TK_NEGATE  décalage et aller à l'état 2
    TK_LPAREN  décalage et aller à l'état 3
    TK_VAR     décalage et aller à l'état 4

    input              aller à l'état 5
    formula_completed  aller à l'état 6
    formula            aller à l'état 7


état 1

    4 formula: TK_MINUS . TK_VAR

    TK_VAR  décalage et aller à l'état 8


état 2

    3 formula: . TK_VAR
    4        | . TK_MINUS TK_VAR
    5        | . TK_LPAREN formula TK_RPAREN
    6        | . formula TK_AND formula
    7        | . formula TK_NEWLINE formula
    8        | . formula TK_OR formula
    9        | . formula TK_XOR formula
   10        | . formula TK_IMPLY formula
   11        | . formula TK_EQUIV formula
   12        | . TK_NEGATE formula
   12        | TK_NEGATE . formula

    TK_MINUS   décalage et aller à l'état 1
    TK_NEGATE  décalage et aller à l'état 2
    TK_LPAREN  décalage et aller à l'état 3
    TK_VAR     décalage et aller à l'état 4

    formula  aller à l'état 9


état 3

    3 formula: . TK_VAR
    4        | . TK_MINUS TK_VAR
    5        | . TK_LPAREN formula TK_RPAREN
    5        | TK_LPAREN . formula TK_RPAREN
    6        | . formula TK_AND formula
    7        | . formula TK_NEWLINE formula
    8        | . formula TK_OR formula
    9        | . formula TK_XOR formula
   10        | . formula TK_IMPLY formula
   11        | . formula TK_EQUIV formula
   12        | . TK_NEGATE formula

    TK_MINUS   décalage et aller à l'état 1
    TK_NEGATE  décalage et aller à l'état 2
    TK_LPAREN  décalage et aller à l'état 3
    TK_VAR     décalage et aller à l'état 4

    formula  aller à l'état 10


état 4

    3 formula: TK_VAR .

    $défaut  réduction par utilisation de la règle 3 (formula)


état 5

    0 $accept: input . $end

    $end  décalage et aller à l'état 11


état 6

    1 input: formula_completed .

    $défaut  réduction par utilisation de la règle 1 (input)


état 7

    2 formula_completed: formula . TK_END
    6 formula: formula . TK_AND formula
    7        | formula . TK_NEWLINE formula
    8        | formula . TK_OR formula
    9        | formula . TK_XOR formula
   10        | formula . TK_IMPLY formula
   11        | formula . TK_EQUIV formula

    TK_AND      décalage et aller à l'état 12
    TK_NEWLINE  décalage et aller à l'état 13
    TK_OR       décalage et aller à l'état 14
    TK_XOR      décalage et aller à l'état 15
    TK_IMPLY    décalage et aller à l'état 16
    TK_EQUIV    décalage et aller à l'état 17
    TK_END      décalage et aller à l'état 18


état 8

    4 formula: TK_MINUS TK_VAR .

    $défaut  réduction par utilisation de la règle 4 (formula)


état 9

    6 formula: formula . TK_AND formula
    7        | formula . TK_NEWLINE formula
    8        | formula . TK_OR formula
    9        | formula . TK_XOR formula
   10        | formula . TK_IMPLY formula
   11        | formula . TK_EQUIV formula
   12        | TK_NEGATE formula .  [TK_AND, TK_NEWLINE, TK_OR, TK_XOR, TK_IMPLY, TK_EQUIV, TK_END, TK_RPAREN]

    $défaut  réduction par utilisation de la règle 12 (formula)

    Conflit entre la règle 12 et le jeton TK_AND résolu par réduction (TK_AND < TK_NEGATE).
    Conflit entre la règle 12 et le jeton TK_NEWLINE résolu par réduction (TK_NEWLINE < TK_NEGATE).
    Conflit entre la règle 12 et le jeton TK_OR résolu par réduction (TK_OR < TK_NEGATE).
    Conflit entre la règle 12 et le jeton TK_XOR résolu par réduction (TK_XOR < TK_NEGATE).
    Conflit entre la règle 12 et le jeton TK_IMPLY résolu par réduction (TK_IMPLY < TK_NEGATE).
    Conflit entre la règle 12 et le jeton TK_EQUIV résolu par réduction (TK_EQUIV < TK_NEGATE).


état 10

    5 formula: TK_LPAREN formula . TK_RPAREN
    6        | formula . TK_AND formula
    7        | formula . TK_NEWLINE formula
    8        | formula . TK_OR formula
    9        | formula . TK_XOR formula
   10        | formula . TK_IMPLY formula
   11        | formula . TK_EQUIV formula

    TK_AND      décalage et aller à l'état 12
    TK_NEWLINE  décalage et aller à l'état 13
    TK_OR       décalage et aller à l'état 14
    TK_XOR      décalage et aller à l'état 15
    TK_IMPLY    décalage et aller à l'état 16
    TK_EQUIV    décalage et aller à l'état 17
    TK_RPAREN   décalage et aller à l'état 19


état 11

    0 $accept: input $end .

    $défaut  accepter


état 12

    3 formula: . TK_VAR
    4        | . TK_MINUS TK_VAR
    5        | . TK_LPAREN formula TK_RPAREN
    6        | . formula TK_AND formula
    6        | formula TK_AND . formula
    7        | . formula TK_NEWLINE formula
    8        | . formula TK_OR formula
    9        | . formula TK_XOR formula
   10        | . formula TK_IMPLY formula
   11        | . formula TK_EQUIV formula
   12        | . TK_NEGATE formula

    TK_MINUS   décalage et aller à l'état 1
    TK_NEGATE  décalage et aller à l'état 2
    TK_LPAREN  décalage et aller à l'état 3
    TK_VAR     décalage et aller à l'état 4

    formula  aller à l'état 20


état 13

    3 formula: . TK_VAR
    4        | . TK_MINUS TK_VAR
    5        | . TK_LPAREN formula TK_RPAREN
    6        | . formula TK_AND formula
    7        | . formula TK_NEWLINE formula
    7        | formula TK_NEWLINE . formula
    8        | . formula TK_OR formula
    9        | . formula TK_XOR formula
   10        | . formula TK_IMPLY formula
   11        | . formula TK_EQUIV formula
   12        | . TK_NEGATE formula

    TK_MINUS   décalage et aller à l'état 1
    TK_NEGATE  décalage et aller à l'état 2
    TK_LPAREN  décalage et aller à l'état 3
    TK_VAR     décalage et aller à l'état 4

    formula  aller à l'état 21


état 14

    3 formula: . TK_VAR
    4        | . TK_MINUS TK_VAR
    5        | . TK_LPAREN formula TK_RPAREN
    6        | . formula TK_AND formula
    7        | . formula TK_NEWLINE formula
    8        | . formula TK_OR formula
    8        | formula TK_OR . formula
    9        | . formula TK_XOR formula
   10        | . formula TK_IMPLY formula
   11        | . formula TK_EQUIV formula
   12        | . TK_NEGATE formula

    TK_MINUS   décalage et aller à l'état 1
    TK_NEGATE  décalage et aller à l'état 2
    TK_LPAREN  décalage et aller à l'état 3
    TK_VAR     décalage et aller à l'état 4

    formula  aller à l'état 22


état 15

    3 formula: . TK_VAR
    4        | . TK_MINUS TK_VAR
    5        | . TK_LPAREN formula TK_RPAREN
    6        | . formula TK_AND formula
    7        | . formula TK_NEWLINE formula
    8        | . formula TK_OR formula
    9        | . formula TK_XOR formula
    9        | formula TK_XOR . formula
   10        | . formula TK_IMPLY formula
   11        | . formula TK_EQUIV formula
   12        | . TK_NEGATE formula

    TK_MINUS   décalage et aller à l'état 1
    TK_NEGATE  décalage et aller à l'état 2
    TK_LPAREN  décalage et aller à l'état 3
    TK_VAR     décalage et aller à l'état 4

    formula  aller à l'état 23


état 16

    3 formula: . TK_VAR
    4        | . TK_MINUS TK_VAR
    5        | . TK_LPAREN formula TK_RPAREN
    6        | . formula TK_AND formula
    7        | . formula TK_NEWLINE formula
    8        | . formula TK_OR formula
    9        | . formula TK_XOR formula
   10        | . formula TK_IMPLY formula
   10        | formula TK_IMPLY . formula
   11        | . formula TK_EQUIV formula
   12        | . TK_NEGATE formula

    TK_MINUS   décalage et aller à l'état 1
    TK_NEGATE  décalage et aller à l'état 2
    TK_LPAREN  décalage et aller à l'état 3
    TK_VAR     décalage et aller à l'état 4

    formula  aller à l'état 24


état 17

    3 formula: . TK_VAR
    4        | . TK_MINUS TK_VAR
    5        | . TK_LPAREN formula TK_RPAREN
    6        | . formula TK_AND formula
    7        | . formula TK_NEWLINE formula
    8        | . formula TK_OR formula
    9        | . formula TK_XOR formula
   10        | . formula TK_IMPLY formula
   11        | . formula TK_EQUIV formula
   11        | formula TK_EQUIV . formula
   12        | . TK_NEGATE formula

    TK_MINUS   décalage et aller à l'état 1
    TK_NEGATE  décalage et aller à l'état 2
    TK_LPAREN  décalage et aller à l'état 3
    TK_VAR     décalage et aller à l'état 4

    formula  aller à l'état 25


état 18

    2 formula_completed: formula TK_END .

    $défaut  réduction par utilisation de la règle 2 (formula_completed)


état 19

    5 formula: TK_LPAREN formula TK_RPAREN .

    $défaut  réduction par utilisation de la règle 5 (formula)


état 20

    6 formula: formula . TK_AND formula
    6        | formula TK_AND formula .  [TK_AND, TK_NEWLINE, TK_OR, TK_XOR, TK_IMPLY, TK_EQUIV, TK_END, TK_RPAREN]
    7        | formula . TK_NEWLINE formula
    8        | formula . TK_OR formula
    9        | formula . TK_XOR formula
   10        | formula . TK_IMPLY formula
   11        | formula . TK_EQUIV formula

    $défaut  réduction par utilisation de la règle 6 (formula)

    Conflit entre la règle 6 et le jeton TK_AND résolu par réduction (%left TK_AND).
    Conflit entre la règle 6 et le jeton TK_NEWLINE résolu par réduction (TK_NEWLINE < TK_AND).
    Conflit entre la règle 6 et le jeton TK_OR résolu par réduction (TK_OR < TK_AND).
    Conflit entre la règle 6 et le jeton TK_XOR résolu par réduction (TK_XOR < TK_AND).
    Conflit entre la règle 6 et le jeton TK_IMPLY résolu par réduction (TK_IMPLY < TK_AND).
    Conflit entre la règle 6 et le jeton TK_EQUIV résolu par réduction (TK_EQUIV < TK_AND).


état 21

    6 formula: formula . TK_AND formula
    7        | formula . TK_NEWLINE formula
    7        | formula TK_NEWLINE formula .  [TK_NEWLINE, TK_END, TK_RPAREN]
    8        | formula . TK_OR formula
    9        | formula . TK_XOR formula
   10        | formula . TK_IMPLY formula
   11        | formula . TK_EQUIV formula

    TK_AND    décalage et aller à l'état 12
    TK_OR     décalage et aller à l'état 14
    TK_XOR    décalage et aller à l'état 15
    TK_IMPLY  décalage et aller à l'état 16
    TK_EQUIV  décalage et aller à l'état 17

    $défaut  réduction par utilisation de la règle 7 (formula)

    Conflit entre la règle 7 et le jeton TK_AND résolu par décalage (TK_NEWLINE < TK_AND).
    Conflit entre la règle 7 et le jeton TK_NEWLINE résolu par réduction (%left TK_NEWLINE).
    Conflit entre la règle 7 et le jeton TK_OR résolu par décalage (TK_NEWLINE < TK_OR).
    Conflit entre la règle 7 et le jeton TK_XOR résolu par décalage (TK_NEWLINE < TK_XOR).
    Conflit entre la règle 7 et le jeton TK_IMPLY résolu par décalage (TK_NEWLINE < TK_IMPLY).
    Conflit entre la règle 7 et le jeton TK_EQUIV résolu par décalage (TK_NEWLINE < TK_EQUIV).


état 22

    6 formula: formula . TK_AND formula
    7        | formula . TK_NEWLINE formula
    8        | formula . TK_OR formula
    8        | formula TK_OR formula .  [TK_NEWLINE, TK_OR, TK_XOR, TK_IMPLY, TK_EQUIV, TK_END, TK_RPAREN]
    9        | formula . TK_XOR formula
   10        | formula . TK_IMPLY formula
   11        | formula . TK_EQUIV formula

    TK_AND  décalage et aller à l'état 12

    $défaut  réduction par utilisation de la règle 8 (formula)

    Conflit entre la règle 8 et le jeton TK_AND résolu par décalage (TK_OR < TK_AND).
    Conflit entre la règle 8 et le jeton TK_NEWLINE résolu par réduction (TK_NEWLINE < TK_OR).
    Conflit entre la règle 8 et le jeton TK_OR résolu par réduction (%left TK_OR).
    Conflit entre la règle 8 et le jeton TK_XOR résolu par réduction (TK_XOR < TK_OR).
    Conflit entre la règle 8 et le jeton TK_IMPLY résolu par réduction (TK_IMPLY < TK_OR).
    Conflit entre la règle 8 et le jeton TK_EQUIV résolu par réduction (TK_EQUIV < TK_OR).


état 23

    6 formula: formula . TK_AND formula
    7        | formula . TK_NEWLINE formula
    8        | formula . TK_OR formula
    9        | formula . TK_XOR formula
    9        | formula TK_XOR formula .  [TK_NEWLINE, TK_XOR, TK_IMPLY, TK_EQUIV, TK_END, TK_RPAREN]
   10        | formula . TK_IMPLY formula
   11        | formula . TK_EQUIV formula

    TK_AND  décalage et aller à l'état 12
    TK_OR   décalage et aller à l'état 14

    $défaut  réduction par utilisation de la règle 9 (formula)

    Conflit entre la règle 9 et le jeton TK_AND résolu par décalage (TK_XOR < TK_AND).
    Conflit entre la règle 9 et le jeton TK_NEWLINE résolu par réduction (TK_NEWLINE < TK_XOR).
    Conflit entre la règle 9 et le jeton TK_OR résolu par décalage (TK_XOR < TK_OR).
    Conflit entre la règle 9 et le jeton TK_XOR résolu par réduction (%left TK_XOR).
    Conflit entre la règle 9 et le jeton TK_IMPLY résolu par réduction (TK_IMPLY < TK_XOR).
    Conflit entre la règle 9 et le jeton TK_EQUIV résolu par réduction (TK_EQUIV < TK_XOR).


état 24

    6 formula: formula . TK_AND formula
    7        | formula . TK_NEWLINE formula
    8        | formula . TK_OR formula
    9        | formula . TK_XOR formula
   10        | formula . TK_IMPLY formula
   10        | formula TK_IMPLY formula .  [TK_NEWLINE, TK_IMPLY, TK_EQUIV, TK_END, TK_RPAREN]
   11        | formula . TK_EQUIV formula

    TK_AND  décalage et aller à l'état 12
    TK_OR   décalage et aller à l'état 14
    TK_XOR  décalage et aller à l'état 15

    $défaut  réduction par utilisation de la règle 10 (formula)

    Conflit entre la règle 10 et le jeton TK_AND résolu par décalage (TK_IMPLY < TK_AND).
    Conflit entre la règle 10 et le jeton TK_NEWLINE résolu par réduction (TK_NEWLINE < TK_IMPLY).
    Conflit entre la règle 10 et le jeton TK_OR résolu par décalage (TK_IMPLY < TK_OR).
    Conflit entre la règle 10 et le jeton TK_XOR résolu par décalage (TK_IMPLY < TK_XOR).
    Conflit entre la règle 10 et le jeton TK_IMPLY résolu par réduction (%left TK_IMPLY).
    Conflit entre la règle 10 et le jeton TK_EQUIV résolu par réduction (TK_EQUIV < TK_IMPLY).


état 25

    6 formula: formula . TK_AND formula
    7        | formula . TK_NEWLINE formula
    8        | formula . TK_OR formula
    9        | formula . TK_XOR formula
   10        | formula . TK_IMPLY formula
   11        | formula . TK_EQUIV formula
   11        | formula TK_EQUIV formula .  [TK_NEWLINE, TK_EQUIV, TK_END, TK_RPAREN]

    TK_AND    décalage et aller à l'état 12
    TK_OR     décalage et aller à l'état 14
    TK_XOR    décalage et aller à l'état 15
    TK_IMPLY  décalage et aller à l'état 16

    $défaut  réduction par utilisation de la règle 11 (formula)

    Conflit entre la règle 11 et le jeton TK_AND résolu par décalage (TK_EQUIV < TK_AND).
    Conflit entre la règle 11 et le jeton TK_NEWLINE résolu par réduction (TK_NEWLINE < TK_EQUIV).
    Conflit entre la règle 11 et le jeton TK_OR résolu par décalage (TK_EQUIV < TK_OR).
    Conflit entre la règle 11 et le jeton TK_XOR résolu par décalage (TK_EQUIV < TK_XOR).
    Conflit entre la règle 11 et le jeton TK_IMPLY résolu par décalage (TK_EQUIV < TK_IMPLY).
    Conflit entre la règle 11 et le jeton TK_EQUIV résolu par réduction (%left TK_EQUIV).
